2016-12-15 09:19:59,966 [Worker-7] INFO  o.e.m.c.i.l.LifecycleMappingFactory - Using org.eclipse.m2e.jdt.JarLifecycleMapping lifecycle mapping for MavenProject: com.example.chat:ChatClient:0.0.1-SNAPSHOT @ D:\Studia\Sem 2 mgr\PARS\JavaEE - Chat\ChatClient\pom.xml.
2016-12-15 09:20:03,264 [Worker-7] INFO  o.e.m.j.i.AbstractJavaProjectConfigurator - Adding source folder /ChatClient/src/main/java
2016-12-15 09:20:03,265 [Worker-7] INFO  o.e.m.j.i.AbstractJavaProjectConfigurator - Adding resource folder /ChatClient/src/main/resources
2016-12-15 09:20:03,265 [Worker-7] INFO  o.e.m.j.i.AbstractJavaProjectConfigurator - Adding resource folder /ChatClient/src/main/resources
2016-12-15 09:20:03,267 [Worker-7] INFO  o.e.m.j.i.AbstractJavaProjectConfigurator - Adding source folder /ChatClient/src/test/java
2016-12-15 09:20:03,596 [Worker-7] INFO  o.e.m.c.i.p.ProjectConfigurationManager - Imported and configured 1 project(s) in 10 sec
2016-12-15 09:20:06,130 [Worker-1] INFO  o.e.m.c.i.embedder.EclipseLogger - Using 'UTF-8' encoding to copy filtered resources.
2016-12-15 09:20:06,137 [Worker-1] INFO  o.e.m.c.i.embedder.EclipseLogger - Copying 1 resource
2016-12-15 09:20:06,154 [Worker-1] INFO  o.e.m.c.i.embedder.EclipseLogger - Copying 0 resource
2016-12-15 09:20:06,158 [Worker-1] INFO  o.e.m.c.i.embedder.EclipseLogger - Using 'UTF-8' encoding to copy filtered resources.
2016-12-15 09:20:06,159 [Worker-1] INFO  o.e.m.c.i.embedder.EclipseLogger - skip non existing resourceDirectory D:\Studia\Sem 2 mgr\PARS\JavaEE - Chat\ChatClient\src\test\resources
2016-12-15 09:20:41,968 [Worker-11] INFO  o.e.m.c.i.l.LifecycleMappingFactory - Using org.eclipse.m2e.jdt.JarLifecycleMapping lifecycle mapping for MavenProject: com.example.chat:ChatServer:0.0.1-SNAPSHOT @ D:\Studia\Sem 2 mgr\PARS\JavaEE - Chat\ChatServer\pom.xml.
2016-12-15 09:20:43,549 [Worker-11] INFO  o.e.m.j.i.AbstractJavaProjectConfigurator - Adding source folder /ChatServer/src/main/java
2016-12-15 09:20:43,550 [Worker-11] INFO  o.e.m.j.i.AbstractJavaProjectConfigurator - Adding resource folder /ChatServer/src/main/resources
2016-12-15 09:20:43,552 [Worker-11] INFO  o.e.m.j.i.AbstractJavaProjectConfigurator - Adding resource folder /ChatServer/src/main/resources
2016-12-15 09:20:43,553 [Worker-11] INFO  o.e.m.j.i.AbstractJavaProjectConfigurator - Adding source folder /ChatServer/src/test/java
2016-12-15 09:20:44,045 [Worker-11] INFO  o.e.m.c.i.p.ProjectConfigurationManager - Imported and configured 1 project(s) in 2 sec
2016-12-15 09:20:45,197 [Worker-9] INFO  o.e.m.c.i.embedder.EclipseLogger - Using 'UTF-8' encoding to copy filtered resources.
2016-12-15 09:20:45,197 [Worker-9] INFO  o.e.m.c.i.embedder.EclipseLogger - Copying 1 resource
2016-12-15 09:20:45,199 [Worker-9] INFO  o.e.m.c.i.embedder.EclipseLogger - Copying 0 resource
2016-12-15 09:20:45,202 [Worker-9] INFO  o.e.m.c.i.embedder.EclipseLogger - Using 'UTF-8' encoding to copy filtered resources.
2016-12-15 09:20:45,202 [Worker-9] INFO  o.e.m.c.i.embedder.EclipseLogger - skip non existing resourceDirectory D:\Studia\Sem 2 mgr\PARS\JavaEE - Chat\ChatServer\src\test\resources
2016-12-15 09:21:00,699 [Worker-4] INFO  o.e.m.c.i.l.LifecycleMappingFactory - Using org.eclipse.m2e.jdt.JarLifecycleMapping lifecycle mapping for MavenProject: com.example.chat:ChatProtocol:0.0.1-SNAPSHOT @ D:\Studia\Sem 2 mgr\PARS\JavaEE - Chat\ChatProtocol\pom.xml.
2016-12-15 09:21:00,825 [Worker-4] INFO  o.e.m.c.i.l.LifecycleMappingFactory - Using org.eclipse.m2e.jdt.JarLifecycleMapping lifecycle mapping for MavenProject: com.example.chat:ChatClient:0.0.1-SNAPSHOT @ D:\Studia\Sem 2 mgr\PARS\JavaEE - Chat\ChatClient\pom.xml.
2016-12-15 09:21:01,216 [Worker-4] INFO  o.e.m.c.i.l.LifecycleMappingFactory - Using org.eclipse.m2e.jdt.JarLifecycleMapping lifecycle mapping for MavenProject: com.example.chat:ChatServer:0.0.1-SNAPSHOT @ D:\Studia\Sem 2 mgr\PARS\JavaEE - Chat\ChatServer\pom.xml.
2016-12-15 09:21:02,087 [Worker-4] INFO  o.e.m.j.i.AbstractJavaProjectConfigurator - Adding source folder /ChatProtocol/src
2016-12-15 09:21:02,088 [Worker-4] INFO  o.e.m.j.i.AbstractJavaProjectConfigurator - Not adding source folder /ChatProtocol/src/test/java because it overlaps with /ChatProtocol/src
2016-12-15 09:21:02,146 [Worker-4] INFO  o.e.m.c.i.p.ProjectConfigurationManager - Imported and configured 1 project(s) in 1 sec
2016-12-15 09:21:02,575 [Worker-9] WARN  o.e.m.c.i.embedder.EclipseLogger - Using platform encoding (Cp1250 actually) to copy filtered resources, i.e. build is platform dependent!
2016-12-15 09:21:02,576 [Worker-9] INFO  o.e.m.c.i.embedder.EclipseLogger - skip non existing resourceDirectory D:\Studia\Sem 2 mgr\PARS\JavaEE - Chat\ChatProtocol\src\main\resources
2016-12-15 09:21:02,578 [Worker-9] WARN  o.e.m.c.i.embedder.EclipseLogger - Using platform encoding (Cp1250 actually) to copy filtered resources, i.e. build is platform dependent!
2016-12-15 09:21:02,581 [Worker-9] INFO  o.e.m.c.i.embedder.EclipseLogger - skip non existing resourceDirectory D:\Studia\Sem 2 mgr\PARS\JavaEE - Chat\ChatProtocol\src\test\resources
2016-12-15 09:21:03,347 [Worker-9] INFO  o.e.m.c.i.embedder.EclipseLogger - Using 'UTF-8' encoding to copy filtered resources.
2016-12-15 09:21:03,351 [Worker-9] INFO  o.e.m.c.i.embedder.EclipseLogger - Copying 1 resource
2016-12-15 09:21:03,353 [Worker-9] INFO  o.e.m.c.i.embedder.EclipseLogger - Copying 0 resource
2016-12-15 09:21:03,356 [Worker-9] INFO  o.e.m.c.i.embedder.EclipseLogger - Using 'UTF-8' encoding to copy filtered resources.
2016-12-15 09:21:03,356 [Worker-9] INFO  o.e.m.c.i.embedder.EclipseLogger - skip non existing resourceDirectory D:\Studia\Sem 2 mgr\PARS\JavaEE - Chat\ChatClient\src\test\resources
2016-12-15 09:21:03,774 [Worker-9] INFO  o.e.m.c.i.embedder.EclipseLogger - Using 'UTF-8' encoding to copy filtered resources.
2016-12-15 09:21:03,778 [Worker-9] INFO  o.e.m.c.i.embedder.EclipseLogger - Copying 1 resource
2016-12-15 09:21:03,780 [Worker-9] INFO  o.e.m.c.i.embedder.EclipseLogger - Copying 0 resource
2016-12-15 09:21:03,784 [Worker-9] INFO  o.e.m.c.i.embedder.EclipseLogger - Using 'UTF-8' encoding to copy filtered resources.
2016-12-15 09:21:03,784 [Worker-9] INFO  o.e.m.c.i.embedder.EclipseLogger - skip non existing resourceDirectory D:\Studia\Sem 2 mgr\PARS\JavaEE - Chat\ChatServer\src\test\resources
